TN:
SF:/Users/Skyward/dictionary.js/js/BinaryNode.js
FN:2,BinaryNode
FNF:1
FNH:1
FNDA:10,BinaryNode
DA:2,1
DA:3,10
DA:4,10
DA:5,10
DA:7,10
DA:8,9
DA:11,10
DA:14,1
LF:8
LH:8
BRDA:7,1,0,9
BRDA:7,1,1,1
BRF:2
BRH:2
end_of_record
TN:
SF:/Users/Skyward/dictionary.js/js/TreeDictionary.js
FN:4,(anonymous_1)
FN:21,placeNode
FN:49,(anonymous_3)
FN:66,searchSubTree
FN:81,(anonymous_5)
FN:87,(anonymous_6)
FNF:6
FNH:6
FNDA:4,(anonymous_1)
FNDA:7,placeNode
FNDA:8,(anonymous_3)
FNDA:1,searchSubTree
FNDA:1,(anonymous_5)
FNDA:2,(anonymous_6)
DA:1,1
DA:2,1
DA:4,1
DA:5,4
DA:7,4
DA:11,4
DA:12,4
DA:15,4
DA:18,4
DA:21,1
DA:23,7
DA:24,7
DA:25,7
DA:29,1
DA:30,1
DA:31,1
DA:35,0
DA:39,6
DA:40,4
DA:43,2
DA:49,4
DA:50,8
DA:53,8
DA:55,3
DA:56,3
DA:57,3
DA:61,5
DA:66,1
DA:68,1
DA:69,1
DA:70,1
DA:73,0
DA:74,0
DA:77,0
DA:81,4
DA:83,1
DA:87,4
DA:88,2
DA:91,4
DA:94,1
LF:40
LH:36
BRDA:25,1,0,1
BRDA:25,1,1,6
BRDA:29,2,0,1
BRDA:29,2,1,0
BRDA:39,3,0,4
BRDA:39,3,1,2
BRDA:53,4,0,3
BRDA:53,4,1,5
BRDA:69,5,0,1
BRDA:69,5,1,0
BRDA:73,6,0,0
BRDA:73,6,1,0
BRF:12
BRH:8
end_of_record
