TN:
SF:/Users/Skyward/dictionary.js/js/BinaryNode.js
FN:2,BinaryNode
FNF:1
FNH:1
FNDA:19,BinaryNode
DA:2,1
DA:3,19
DA:4,19
DA:5,19
DA:7,19
DA:8,18
DA:11,19
DA:14,1
LF:8
LH:8
BRDA:7,1,0,18
BRDA:7,1,1,1
BRF:2
BRH:2
end_of_record
TN:
SF:/Users/Skyward/dictionary.js/js/TreeDictionary.js
FN:4,(anonymous_1)
FN:21,placeNode
FN:49,(anonymous_3)
FN:66,searchSubTree
FN:81,(anonymous_5)
FN:87,(anonymous_6)
FNF:6
FNH:6
FNDA:6,(anonymous_1)
FNDA:17,placeNode
FNDA:17,(anonymous_3)
FNDA:6,searchSubTree
FNDA:3,(anonymous_5)
FNDA:4,(anonymous_6)
DA:1,1
DA:2,1
DA:4,1
DA:5,6
DA:7,6
DA:11,6
DA:12,6
DA:15,6
DA:18,6
DA:21,1
DA:23,17
DA:24,17
DA:25,17
DA:29,5
DA:30,4
DA:31,4
DA:35,1
DA:39,12
DA:40,8
DA:43,4
DA:49,6
DA:50,17
DA:53,17
DA:55,5
DA:56,5
DA:57,5
DA:61,12
DA:66,1
DA:68,6
DA:69,6
DA:70,3
DA:73,3
DA:74,1
DA:77,2
DA:81,6
DA:83,3
DA:87,6
DA:88,4
DA:91,6
DA:94,1
LF:40
LH:40
BRDA:25,1,0,5
BRDA:25,1,1,12
BRDA:29,2,0,4
BRDA:29,2,1,1
BRDA:39,3,0,8
BRDA:39,3,1,4
BRDA:53,4,0,5
BRDA:53,4,1,12
BRDA:69,5,0,3
BRDA:69,5,1,3
BRDA:73,6,0,1
BRDA:73,6,1,2
BRF:12
BRH:12
end_of_record
